<?xml version="1.0" encoding="UTF-8"?>
<testsuite xmlns:xsi="http://www.w3.org/2001/XMLSchema-instance" xsi:noNamespaceSchemaLocation="https://maven.apache.org/surefire/maven-surefire-plugin/xsd/surefire-test-report-3.0.xsd" version="3.0" name="net.kigobe.junitdemo.DemoUtilsTest" time="2.201" tests="10" errors="0" skipped="0" failures="1">
  <properties>
[...]
</properties>
  <testcase name="Array Equals" classname="net.kigobe.junitdemo.DemoUtilsTest" time="0.071">
    <failure type="org.opentest4j.AssertionFailedError"><![CDATA[org.opentest4j.AssertionFailedError: Arrays should be the same ==> array contents differ at index [2], expected: <D> but was: <C>
	at net.kigobe.junitdemo.DemoUtilsTest.testArrayEquals(DemoUtilsTest.java:86)
]]></failure>
    <system-out><![CDATA[@Before all Running at the beginning of all tests

@Before each test
@AfterEach test

]]></system-out>
  </testcase>
  <testcase name="Equals and Not Equals" classname="net.kigobe.junitdemo.DemoUtilsTest" time="0.005">
    <system-out><![CDATA[@Before each test
Running test: testEqualsNotEquals
@AfterEach test

]]></system-out>
  </testcase>
  <testcase name="Iterable equals" classname="net.kigobe.junitdemo.DemoUtilsTest" time="0.004">
    <system-out><![CDATA[@Before each test
@AfterEach test

]]></system-out>
  </testcase>
  <testcase name="Lines match" classname="net.kigobe.junitdemo.DemoUtilsTest" time="0.009">
    <system-out><![CDATA[@Before each test
@AfterEach test

]]></system-out>
  </testcase>
  <testcase name="Multiplication" classname="net.kigobe.junitdemo.DemoUtilsTest" time="0.002">
    <system-out><![CDATA[@Before each test
@AfterEach test

]]></system-out>
  </testcase>
  <testcase name="Null and Not Null" classname="net.kigobe.junitdemo.DemoUtilsTest" time="0.003">
    <system-out><![CDATA[@Before each test
Running test: checkNullNotNull
@AfterEach test

]]></system-out>
  </testcase>
  <testcase name="Same and Not Same" classname="net.kigobe.junitdemo.DemoUtilsTest" time="0.006">
    <system-out><![CDATA[@Before each test
@AfterEach test

]]></system-out>
  </testcase>
  <testcase name="Test true or false" classname="net.kigobe.junitdemo.DemoUtilsTest" time="0.006">
    <system-out><![CDATA[@Before each test
@AfterEach test

]]></system-out>
  </testcase>
  <testcase name="Throws and Does Not Throw" classname="net.kigobe.junitdemo.DemoUtilsTest" time="0.005">
    <system-out><![CDATA[@Before each test
@AfterEach test

]]></system-out>
  </testcase>
  <testcase name="Timeout" classname="net.kigobe.junitdemo.DemoUtilsTest" time="2.021">
    <system-out><![CDATA[@Before each test
I am going to sleep
Sleeping over
@AfterEach test

]]></system-out>
  </testcase>
</testsuite>